<?xml version="1.0" encoding="UTF-8"?>
<!-- Generated by org.testng.reporters.JUnitReportReporter -->
<testsuite hostname="AshwiniPavan" failures="0" tests="1" name="gitPractice.TestGitClass" time="2.424" errors="0" timestamp="2024-12-20T20:49:12 IST" skipped="0">
  <testcase classname="gitPractice.TestGitClass" name="rest" time="2.424"/>
</testsuite> <!-- gitPractice.TestGitClass -->
