<?xml version="1.0" encoding="UTF-8"?>
<!-- Generated by org.testng.reporters.JUnitReportReporter -->
<testsuite hostname="AshwiniPavan" failures="0" tests="1" name="gitPractice.TestGitClass" time="1.878" errors="0" timestamp="2024-12-30T21:52:35 IST" skipped="0">
  <testcase classname="gitPractice.TestGitClass" name="rest" time="1.878"/>
</testsuite> <!-- gitPractice.TestGitClass -->
