<?xml version="1.0" encoding="UTF-8"?>
<!-- Generated by org.testng.reporters.JUnitReportReporter -->
<testsuite hostname="AshwiniPavan" failures="0" tests="1" name="gitPractice.TestGitClass" time="2.471" errors="0" timestamp="2024-12-30T21:14:57 IST" skipped="0">
  <testcase classname="gitPractice.TestGitClass" name="rest" time="2.471"/>
</testsuite> <!-- gitPractice.TestGitClass -->
